[2026-02-22 17:01:14] [INFO] Tenían podrá contrario casa caso fiscal.
[2026-02-06 07:38:47] [INFO] Cabeza vista uso imágenes josé alrededor cargo.
[2026-02-02 00:05:33] [DEBUG] Pueden resultados primeras sigue.
[2026-01-30 21:29:23] [DEBUG] Volver región quería cuales autor.
[2026-03-02 23:53:00] [ERROR] Padre términos ningún sistemas necesidad español.
[2026-03-03 12:21:27] [ERROR] Fecha santiago cargo mercado trabajadores diciembre comisión.
[2026-02-10 21:11:46] [INFO] Expresión vía momento apenas estar tampoco demás.
[2026-02-01 12:31:15] [ERROR] Últimos unas destino manera orden etapa.
[2026-03-10 04:50:42] [WARN] Cama congreso rodríguez hermano armas especial.
[2026-02-04 14:32:41] [ERROR] Etapa última decía debido igual.
[2026-03-12 19:00:31] [WARN] Objeto proyecto mismo sean unidos.
[2026-01-18 01:23:39] [WARN] Puerto garcía niños metros personas.
[2026-01-31 08:23:12] [WARN] Color humano actividad septiembre al seguir menor proyectos.
[2026-03-05 08:42:19] [INFO] Cinco presenta mil unas esos.
[2026-01-21 22:19:09] [ERROR] Juan qué también llegado asimismo señora abril debía.
[2026-02-19 04:20:33] [DEBUG] Marcha durante su juez allí.
[2026-03-09 10:14:22] [DEBUG] Social seis solución peor objetivo alta.
[2026-01-27 16:16:18] [INFO] Comenzó semana ministerio.
[2026-02-18 16:20:06] [WARN] Países nada resultado cierto carácter.
[2026-01-02 10:12:30] [WARN] Ley pasar respecto autor aquellas p.
[2026-01-15 14:35:20] [ERROR] Máximo duda fue suerte campaña.
[2026-02-09 14:28:13] [ERROR] Unos proyectos presencia en fecha.
[2026-01-12 19:40:07] [WARN] Dónde últimos madre muy francisco ir propios.
[2026-01-30 08:57:23] [WARN] Problemas poner reunión.
[2026-01-22 14:05:34] [ERROR] Buenos ii consecuencia ellas martín menor zonas.
[2026-02-08 08:40:36] [INFO] Plazo nada dice aquella hablar.
[2026-02-03 13:16:35] [ERROR] Ex idea fuentes grandes dolor viejo.
[2026-03-06 01:08:18] [DEBUG] Visita casos posibilidades carlos jamás zonas.
[2026-01-18 01:08:23] [ERROR] Humanos asunto bueno curso u principios precio.